📄 Log file: C:\Users\dados\rhfariasn\auto_kestra\flow_envio_recebimentos_pagamentos\log\scrapeMooz_2026-02-25_14-01-20.log
[INFO] Starting Mooz extraction...
[INFO] Setting up browser...
[INFO] Navigating to Login URL...
[INFO] Filling credentials...
[INFO] Clicking Entrar...
[INFO] Post-login URL: https://portal.portalmoozcartoes.com.br/selecionar-estabelecimento
[INFO] Opening merchant list...
[INFO] Found 12 merchants: ['00013419', '00013406', '00008374', '00014056', '00012988', '00013408', '00007136', '00006238', '00013981', '00005253', '00011815', '00023107']
[INFO] Processing Merchant ID: 00013419
[INFO] Selecting merchant 00013419...
[INFO] Navigating to https://portal.portalmoozcartoes.com.br/payments
[INFO] Extracting month 1/2 for merchant 00013419
[INFO] Extracting calendar data...
[INFO] Target Month: 2/2026 (fevereiro 2026)
[INFO] Starting date sequence logic. First day: 25. Initial Stage: PREV
[INFO] Processed 18 items belonging strictly to fevereiro 2026
[INFO] Navigating to next month...
[INFO] Extracting month 2/2 for merchant 00013419
[INFO] Extracting calendar data...
[INFO] Target Month: 3/2026 (março 2026)
[INFO] Starting date sequence logic. First day: 22. Initial Stage: PREV
[INFO] Processed 22 items belonging strictly to março 2026
[INFO] Navigating back to https://portal.portalmoozcartoes.com.br/selecionar-estabelecimento
[INFO] Processing Merchant ID: 00013406
[INFO] Selecting merchant 00013406...
[INFO] Button for 00013406 not visible. Opening merchant list...
[INFO] Opening merchant list...
[INFO] Navigating to https://portal.portalmoozcartoes.com.br/payments
[INFO] Extracting month 1/2 for merchant 00013406
[INFO] Extracting calendar data...
[INFO] Target Month: 2/2026 (fevereiro 2026)
[INFO] Starting date sequence logic. First day: 25. Initial Stage: PREV
[INFO] Processed 18 items belonging strictly to fevereiro 2026
[INFO] Navigating to next month...
[INFO] Extracting month 2/2 for merchant 00013406
[INFO] Extracting calendar data...
[INFO] Target Month: 3/2026 (março 2026)
[INFO] Starting date sequence logic. First day: 22. Initial Stage: PREV
[INFO] Processed 22 items belonging strictly to março 2026
[INFO] Navigating back to https://portal.portalmoozcartoes.com.br/selecionar-estabelecimento
[INFO] Processing Merchant ID: 00008374
[INFO] Selecting merchant 00008374...
[INFO] Button for 00008374 not visible. Opening merchant list...
[INFO] Opening merchant list...
[INFO] Navigating to https://portal.portalmoozcartoes.com.br/payments
[INFO] Extracting month 1/2 for merchant 00008374
[INFO] Extracting calendar data...
[INFO] Target Month: 2/2026 (fevereiro 2026)
[INFO] Starting date sequence logic. First day: 25. Initial Stage: PREV
[INFO] Processed 18 items belonging strictly to fevereiro 2026
[INFO] Navigating to next month...
[INFO] Extracting month 2/2 for merchant 00008374
[INFO] Extracting calendar data...
[INFO] Target Month: 3/2026 (março 2026)
[INFO] Starting date sequence logic. First day: 22. Initial Stage: PREV
[INFO] Processed 22 items belonging strictly to março 2026
[INFO] Navigating back to https://portal.portalmoozcartoes.com.br/selecionar-estabelecimento
[INFO] Processing Merchant ID: 00014056
[INFO] Selecting merchant 00014056...
[INFO] Button for 00014056 not visible. Opening merchant list...
[INFO] Opening merchant list...
[INFO] Navigating to https://portal.portalmoozcartoes.com.br/payments
[INFO] Extracting month 1/2 for merchant 00014056
[INFO] Extracting calendar data...
[INFO] Target Month: 2/2026 (fevereiro 2026)
[INFO] Starting date sequence logic. First day: 25. Initial Stage: PREV
[INFO] Processed 18 items belonging strictly to fevereiro 2026
[INFO] Navigating to next month...
[INFO] Extracting month 2/2 for merchant 00014056
[INFO] Extracting calendar data...
[INFO] Target Month: 3/2026 (março 2026)
[INFO] Starting date sequence logic. First day: 22. Initial Stage: PREV
[INFO] Processed 22 items belonging strictly to março 2026
[INFO] Navigating back to https://portal.portalmoozcartoes.com.br/selecionar-estabelecimento
[INFO] Processing Merchant ID: 00012988
[INFO] Selecting merchant 00012988...
[INFO] Button for 00012988 not visible. Opening merchant list...
[INFO] Opening merchant list...
[INFO] Navigating to https://portal.portalmoozcartoes.com.br/payments
[INFO] Extracting month 1/2 for merchant 00012988
[INFO] Extracting calendar data...
[INFO] Target Month: 2/2026 (fevereiro 2026)
[INFO] Starting date sequence logic. First day: 25. Initial Stage: PREV
[INFO] Processed 18 items belonging strictly to fevereiro 2026
[INFO] Navigating to next month...
[INFO] Extracting month 2/2 for merchant 00012988
[INFO] Extracting calendar data...
[INFO] Target Month: 3/2026 (março 2026)
[INFO] Starting date sequence logic. First day: 22. Initial Stage: PREV
[INFO] Processed 22 items belonging strictly to março 2026
[INFO] Navigating back to https://portal.portalmoozcartoes.com.br/selecionar-estabelecimento
[INFO] Processing Merchant ID: 00013408
[INFO] Selecting merchant 00013408...
[INFO] Button for 00013408 not visible. Opening merchant list...
[INFO] Opening merchant list...
[INFO] Navigating to https://portal.portalmoozcartoes.com.br/payments
[INFO] Extracting month 1/2 for merchant 00013408
[INFO] Extracting calendar data...
[INFO] Target Month: 2/2026 (fevereiro 2026)
[INFO] Starting date sequence logic. First day: 25. Initial Stage: PREV
[INFO] Processed 18 items belonging strictly to fevereiro 2026
[INFO] Navigating to next month...
[INFO] Extracting month 2/2 for merchant 00013408
[INFO] Extracting calendar data...
[INFO] Target Month: 3/2026 (março 2026)
[INFO] Starting date sequence logic. First day: 22. Initial Stage: PREV
[INFO] Processed 22 items belonging strictly to março 2026
[INFO] Navigating back to https://portal.portalmoozcartoes.com.br/selecionar-estabelecimento
[INFO] Processing Merchant ID: 00007136
[INFO] Selecting merchant 00007136...
[INFO] Button for 00007136 not visible. Opening merchant list...
[INFO] Opening merchant list...
[INFO] Navigating to https://portal.portalmoozcartoes.com.br/payments
[INFO] Extracting month 1/2 for merchant 00007136
[INFO] Extracting calendar data...
[INFO] Target Month: 2/2026 (fevereiro 2026)
[INFO] Starting date sequence logic. First day: 25. Initial Stage: PREV
[INFO] Processed 18 items belonging strictly to fevereiro 2026
[INFO] Navigating to next month...
[INFO] Extracting month 2/2 for merchant 00007136
[INFO] Extracting calendar data...
[INFO] Target Month: 3/2026 (março 2026)
[INFO] Starting date sequence logic. First day: 22. Initial Stage: PREV
[INFO] Processed 22 items belonging strictly to março 2026
[INFO] Navigating back to https://portal.portalmoozcartoes.com.br/selecionar-estabelecimento
[INFO] Processing Merchant ID: 00006238
[INFO] Selecting merchant 00006238...
[INFO] Button for 00006238 not visible. Opening merchant list...
[INFO] Opening merchant list...
[INFO] Navigating to https://portal.portalmoozcartoes.com.br/payments
[INFO] Extracting month 1/2 for merchant 00006238
[INFO] Extracting calendar data...
[INFO] Target Month: 2/2026 (fevereiro 2026)
[INFO] Starting date sequence logic. First day: 25. Initial Stage: PREV
[INFO] Processed 18 items belonging strictly to fevereiro 2026
[INFO] Navigating to next month...
[INFO] Extracting month 2/2 for merchant 00006238
[INFO] Extracting calendar data...
[INFO] Target Month: 3/2026 (março 2026)
[INFO] Starting date sequence logic. First day: 22. Initial Stage: PREV
[INFO] Processed 22 items belonging strictly to março 2026
[INFO] Navigating back to https://portal.portalmoozcartoes.com.br/selecionar-estabelecimento
[INFO] Processing Merchant ID: 00013981
[INFO] Selecting merchant 00013981...
[INFO] Button for 00013981 not visible. Opening merchant list...
[INFO] Opening merchant list...
[INFO] Navigating to https://portal.portalmoozcartoes.com.br/payments
[INFO] Extracting month 1/2 for merchant 00013981
[INFO] Extracting calendar data...
[INFO] Target Month: 2/2026 (fevereiro 2026)
[INFO] Starting date sequence logic. First day: 25. Initial Stage: PREV
[INFO] Processed 18 items belonging strictly to fevereiro 2026
[INFO] Navigating to next month...
[INFO] Extracting month 2/2 for merchant 00013981
[INFO] Extracting calendar data...
[INFO] Target Month: 3/2026 (março 2026)
[INFO] Starting date sequence logic. First day: 22. Initial Stage: PREV
[INFO] Processed 22 items belonging strictly to março 2026
[INFO] Navigating back to https://portal.portalmoozcartoes.com.br/selecionar-estabelecimento
[INFO] Processing Merchant ID: 00005253
[INFO] Selecting merchant 00005253...
[INFO] Button for 00005253 not visible. Opening merchant list...
[INFO] Opening merchant list...
[INFO] Navigating to https://portal.portalmoozcartoes.com.br/payments
[INFO] Extracting month 1/2 for merchant 00005253
[INFO] Extracting calendar data...
[INFO] Target Month: 2/2026 (fevereiro 2026)
[INFO] Starting date sequence logic. First day: 25. Initial Stage: PREV
[INFO] Processed 18 items belonging strictly to fevereiro 2026
[INFO] Navigating to next month...
[INFO] Extracting month 2/2 for merchant 00005253
[INFO] Extracting calendar data...
[INFO] Target Month: 3/2026 (março 2026)
[INFO] Starting date sequence logic. First day: 22. Initial Stage: PREV
[INFO] Processed 22 items belonging strictly to março 2026
[INFO] Navigating back to https://portal.portalmoozcartoes.com.br/selecionar-estabelecimento
[INFO] Processing Merchant ID: 00011815
[INFO] Selecting merchant 00011815...
[INFO] Button for 00011815 not visible. Opening merchant list...
[INFO] Opening merchant list...
[INFO] Navigating to https://portal.portalmoozcartoes.com.br/payments
[INFO] Extracting month 1/2 for merchant 00011815
[INFO] Extracting calendar data...
[INFO] Target Month: 2/2026 (fevereiro 2026)
[INFO] Starting date sequence logic. First day: 25. Initial Stage: PREV
[INFO] Processed 18 items belonging strictly to fevereiro 2026
[INFO] Navigating to next month...
[INFO] Extracting month 2/2 for merchant 00011815
[INFO] Extracting calendar data...
[ERROR] Failed to parse calendar header: Invalid header format: 
[INFO] Navigating back to https://portal.portalmoozcartoes.com.br/selecionar-estabelecimento
[INFO] Processing Merchant ID: 00023107
[INFO] Selecting merchant 00023107...
[INFO] Button for 00023107 not visible. Opening merchant list...
[INFO] Opening merchant list...
[INFO] Navigating to https://portal.portalmoozcartoes.com.br/payments
[INFO] Extracting month 1/2 for merchant 00023107
[INFO] Extracting calendar data...
[INFO] Target Month: 2/2026 (fevereiro 2026)
[INFO] Starting date sequence logic. First day: 25. Initial Stage: PREV
[INFO] Processed 18 items belonging strictly to fevereiro 2026
[INFO] Navigating to next month...
[INFO] Extracting month 2/2 for merchant 00023107
[INFO] Extracting calendar data...
[INFO] Target Month: 3/2026 (março 2026)
[INFO] Starting date sequence logic. First day: 22. Initial Stage: PREV
[INFO] Processed 22 items belonging strictly to março 2026
[INFO] Navigating back to https://portal.portalmoozcartoes.com.br/selecionar-estabelecimento
[INFO] Saved data to mooz/mooz.json (overwritten)
[INFO] Closing browser...
WIDE_EVENT_JSON:{"event_id": "bde7a900-9f08-4478-bbf7-f248f5c43425", "timestamp": "2026-02-25T14:01:20-0300", "service": "ScrapeMoozService", "correlation_id": null, "steps": [{"t_ms": 0.45, "level": "INFO", "message": "Starting Mooz extraction..."}, {"t_ms": 0.84, "level": "INFO", "message": "Setting up browser..."}, {"t_ms": 1659.0, "level": "INFO", "message": "Navigating to Login URL..."}, {"t_ms": 4559.95, "level": "INFO", "message": "Filling credentials..."}, {"t_ms": 6550.43, "level": "INFO", "message": "Clicking Entrar..."}, {"t_ms": 13060.74, "level": "INFO", "message": "Post-login URL: https://portal.portalmoozcartoes.com.br/selecionar-estabelecimento"}, {"t_ms": 13061.07, "level": "INFO", "message": "Opening merchant list..."}, {"t_ms": 16248.75, "level": "INFO", "message": "Found 12 merchants: ['00013419', '00013406', '00008374', '00014056', '00012988', '00013408', '00007136', '00006238', '00013981', '00005253', '00011815', '00023107']"}, {"t_ms": 16248.95, "level": "INFO", "message": "Processing Merchant ID: 00013419"}, {"t_ms": 16249.26, "level": "INFO", "message": "Selecting merchant 00013419..."}, {"t_ms": 20966.52, "level": "INFO", "message": "Navigating to https://portal.portalmoozcartoes.com.br/payments"}, {"t_ms": 23594.35, "level": "INFO", "message": "Extracting month 1/2 for merchant 00013419"}, {"t_ms": 23594.72, "level": "INFO", "message": "Extracting calendar data..."}, {"t_ms": 24492.61, "level": "INFO", "message": "Target Month: 2/2026 (fevereiro 2026)"}, {"t_ms": 24579.68, "level": "INFO", "message": "Starting date sequence logic. First day: 25. Initial Stage: PREV"}, {"t_ms": 24580.3, "level": "INFO", "message": "Processed 18 items belonging strictly to fevereiro 2026"}, {"t_ms": 24580.76, "level": "INFO", "message": "Navigating to next month..."}, {"t_ms": 26703.14, "level": "INFO", "message": "Extracting month 2/2 for merchant 00013419"}, {"t_ms": 26703.41, "level": "INFO", "message": "Extracting calendar data..."}, {"t_ms": 27289.58, "level": "INFO", "message": "Target Month: 3/2026 (mar\u00e7o 2026)"}, {"t_ms": 27398.72, "level": "INFO", "message": "Starting date sequence logic. First day: 22. Initial Stage: PREV"}, {"t_ms": 27399.11, "level": "INFO", "message": "Processed 22 items belonging strictly to mar\u00e7o 2026"}, {"t_ms": 27399.51, "level": "INFO", "message": "Navigating back to https://portal.portalmoozcartoes.com.br/selecionar-estabelecimento"}, {"t_ms": 30261.92, "level": "INFO", "message": "Processing Merchant ID: 00013406"}, {"t_ms": 30262.67, "level": "INFO", "message": "Selecting merchant 00013406..."}, {"t_ms": 30457.93, "level": "INFO", "message": "Button for 00013406 not visible. Opening merchant list..."}, {"t_ms": 30458.35, "level": "INFO", "message": "Opening merchant list..."}, {"t_ms": 36889.72, "level": "INFO", "message": "Navigating to https://portal.portalmoozcartoes.com.br/payments"}, {"t_ms": 39472.09, "level": "INFO", "message": "Extracting month 1/2 for merchant 00013406"}, {"t_ms": 39472.31, "level": "INFO", "message": "Extracting calendar data..."}, {"t_ms": 40499.64, "level": "INFO", "message": "Target Month: 2/2026 (fevereiro 2026)"}, {"t_ms": 40709.16, "level": "INFO", "message": "Starting date sequence logic. First day: 25. Initial Stage: PREV"}, {"t_ms": 40709.58, "level": "INFO", "message": "Processed 18 items belonging strictly to fevereiro 2026"}, {"t_ms": 40709.84, "level": "INFO", "message": "Navigating to next month..."}, {"t_ms": 42842.68, "level": "INFO", "message": "Extracting month 2/2 for merchant 00013406"}, {"t_ms": 42843.04, "level": "INFO", "message": "Extracting calendar data..."}, {"t_ms": 43512.89, "level": "INFO", "message": "Target Month: 3/2026 (mar\u00e7o 2026)"}, {"t_ms": 43563.07, "level": "INFO", "message": "Starting date sequence logic. First day: 22. Initial Stage: PREV"}, {"t_ms": 43563.64, "level": "INFO", "message": "Processed 22 items belonging strictly to mar\u00e7o 2026"}, {"t_ms": 43564.13, "level": "INFO", "message": "Navigating back to https://portal.portalmoozcartoes.com.br/selecionar-estabelecimento"}, {"t_ms": 45930.23, "level": "INFO", "message": "Processing Merchant ID: 00008374"}, {"t_ms": 45930.39, "level": "INFO", "message": "Selecting merchant 00008374..."}, {"t_ms": 46131.14, "level": "INFO", "message": "Button for 00008374 not visible. Opening merchant list..."}, {"t_ms": 46131.63, "level": "INFO", "message": "Opening merchant list..."}, {"t_ms": 52238.46, "level": "INFO", "message": "Navigating to https://portal.portalmoozcartoes.com.br/payments"}, {"t_ms": 54413.87, "level": "INFO", "message": "Extracting month 1/2 for merchant 00008374"}, {"t_ms": 54414.24, "level": "INFO", "message": "Extracting calendar data..."}, {"t_ms": 55419.75, "level": "INFO", "message": "Target Month: 2/2026 (fevereiro 2026)"}, {"t_ms": 55660.96, "level": "INFO", "message": "Starting date sequence logic. First day: 25. Initial Stage: PREV"}, {"t_ms": 55661.35, "level": "INFO", "message": "Processed 18 items belonging strictly to fevereiro 2026"}, {"t_ms": 55661.8, "level": "INFO", "message": "Navigating to next month..."}, {"t_ms": 57902.88, "level": "INFO", "message": "Extracting month 2/2 for merchant 00008374"}, {"t_ms": 57903.26, "level": "INFO", "message": "Extracting calendar data..."}, {"t_ms": 58317.98, "level": "INFO", "message": "Target Month: 3/2026 (mar\u00e7o 2026)"}, {"t_ms": 58384.23, "level": "INFO", "message": "Starting date sequence logic. First day: 22. Initial Stage: PREV"}, {"t_ms": 58384.75, "level": "INFO", "message": "Processed 22 items belonging strictly to mar\u00e7o 2026"}, {"t_ms": 58385.1, "level": "INFO", "message": "Navigating back to https://portal.portalmoozcartoes.com.br/selecionar-estabelecimento"}, {"t_ms": 61393.43, "level": "INFO", "message": "Processing Merchant ID: 00014056"}, {"t_ms": 61393.83, "level": "INFO", "message": "Selecting merchant 00014056..."}, {"t_ms": 61595.69, "level": "INFO", "message": "Button for 00014056 not visible. Opening merchant list..."}, {"t_ms": 61596.13, "level": "INFO", "message": "Opening merchant list..."}, {"t_ms": 67982.81, "level": "INFO", "message": "Navigating to https://portal.portalmoozcartoes.com.br/payments"}, {"t_ms": 70155.12, "level": "INFO", "message": "Extracting month 1/2 for merchant 00014056"}, {"t_ms": 70155.31, "level": "INFO", "message": "Extracting calendar data..."}, {"t_ms": 71219.38, "level": "INFO", "message": "Target Month: 2/2026 (fevereiro 2026)"}, {"t_ms": 71426.25, "level": "INFO", "message": "Starting date sequence logic. First day: 25. Initial Stage: PREV"}, {"t_ms": 71426.68, "level": "INFO", "message": "Processed 18 items belonging strictly to fevereiro 2026"}, {"t_ms": 71427.02, "level": "INFO", "message": "Navigating to next month..."}, {"t_ms": 73560.34, "level": "INFO", "message": "Extracting month 2/2 for merchant 00014056"}, {"t_ms": 73560.64, "level": "INFO", "message": "Extracting calendar data..."}, {"t_ms": 74008.61, "level": "INFO", "message": "Target Month: 3/2026 (mar\u00e7o 2026)"}, {"t_ms": 74193.28, "level": "INFO", "message": "Starting date sequence logic. First day: 22. Initial Stage: PREV"}, {"t_ms": 74193.61, "level": "INFO", "message": "Processed 22 items belonging strictly to mar\u00e7o 2026"}, {"t_ms": 74194.13, "level": "INFO", "message": "Navigating back to https://portal.portalmoozcartoes.com.br/selecionar-estabelecimento"}, {"t_ms": 76545.37, "level": "INFO", "message": "Processing Merchant ID: 00012988"}, {"t_ms": 76545.72, "level": "INFO", "message": "Selecting merchant 00012988..."}, {"t_ms": 76748.23, "level": "INFO", "message": "Button for 00012988 not visible. Opening merchant list..."}, {"t_ms": 76748.53, "level": "INFO", "message": "Opening merchant list..."}, {"t_ms": 83006.47, "level": "INFO", "message": "Navigating to https://portal.portalmoozcartoes.com.br/payments"}, {"t_ms": 84893.76, "level": "INFO", "message": "Extracting month 1/2 for merchant 00012988"}, {"t_ms": 84894.06, "level": "INFO", "message": "Extracting calendar data..."}, {"t_ms": 85741.08, "level": "INFO", "message": "Target Month: 2/2026 (fevereiro 2026)"}, {"t_ms": 85965.79, "level": "INFO", "message": "Starting date sequence logic. First day: 25. Initial Stage: PREV"}, {"t_ms": 85966.04, "level": "INFO", "message": "Processed 18 items belonging strictly to fevereiro 2026"}, {"t_ms": 85966.18, "level": "INFO", "message": "Navigating to next month..."}, {"t_ms": 88362.74, "level": "INFO", "message": "Extracting month 2/2 for merchant 00012988"}, {"t_ms": 88363.07, "level": "INFO", "message": "Extracting calendar data..."}, {"t_ms": 89036.69, "level": "INFO", "message": "Target Month: 3/2026 (mar\u00e7o 2026)"}, {"t_ms": 89144.68, "level": "INFO", "message": "Starting date sequence logic. First day: 22. Initial Stage: PREV"}, {"t_ms": 89145.04, "level": "INFO", "message": "Processed 22 items belonging strictly to mar\u00e7o 2026"}, {"t_ms": 89145.63, "level": "INFO", "message": "Navigating back to https://portal.portalmoozcartoes.com.br/selecionar-estabelecimento"}, {"t_ms": 91433.85, "level": "INFO", "message": "Processing Merchant ID: 00013408"}, {"t_ms": 91433.97, "level": "INFO", "message": "Selecting merchant 00013408..."}, {"t_ms": 91505.75, "level": "INFO", "message": "Button for 00013408 not visible. Opening merchant list..."}, {"t_ms": 91506.04, "level": "INFO", "message": "Opening merchant list..."}, {"t_ms": 97910.66, "level": "INFO", "message": "Navigating to https://portal.portalmoozcartoes.com.br/payments"}, {"t_ms": 99791.61, "level": "INFO", "message": "Extracting month 1/2 for merchant 00013408"}, {"t_ms": 99791.91, "level": "INFO", "message": "Extracting calendar data..."}, {"t_ms": 100816.06, "level": "INFO", "message": "Target Month: 2/2026 (fevereiro 2026)"}, {"t_ms": 101020.52, "level": "INFO", "message": "Starting date sequence logic. First day: 25. Initial Stage: PREV"}, {"t_ms": 101021.0, "level": "INFO", "message": "Processed 18 items belonging strictly to fevereiro 2026"}, {"t_ms": 101021.22, "level": "INFO", "message": "Navigating to next month..."}, {"t_ms": 103098.91, "level": "INFO", "message": "Extracting month 2/2 for merchant 00013408"}, {"t_ms": 103099.13, "level": "INFO", "message": "Extracting calendar data..."}, {"t_ms": 103679.58, "level": "INFO", "message": "Target Month: 3/2026 (mar\u00e7o 2026)"}, {"t_ms": 103738.98, "level": "INFO", "message": "Starting date sequence logic. First day: 22. Initial Stage: PREV"}, {"t_ms": 103739.25, "level": "INFO", "message": "Processed 22 items belonging strictly to mar\u00e7o 2026"}, {"t_ms": 103739.46, "level": "INFO", "message": "Navigating back to https://portal.portalmoozcartoes.com.br/selecionar-estabelecimento"}, {"t_ms": 106140.72, "level": "INFO", "message": "Processing Merchant ID: 00007136"}, {"t_ms": 106140.94, "level": "INFO", "message": "Selecting merchant 00007136..."}, {"t_ms": 106321.94, "level": "INFO", "message": "Button for 00007136 not visible. Opening merchant list..."}, {"t_ms": 106322.23, "level": "INFO", "message": "Opening merchant list..."}, {"t_ms": 112997.94, "level": "INFO", "message": "Navigating to https://portal.portalmoozcartoes.com.br/payments"}, {"t_ms": 115450.53, "level": "INFO", "message": "Extracting month 1/2 for merchant 00007136"}, {"t_ms": 115450.76, "level": "INFO", "message": "Extracting calendar data..."}, {"t_ms": 116243.47, "level": "INFO", "message": "Target Month: 2/2026 (fevereiro 2026)"}, {"t_ms": 116481.94, "level": "INFO", "message": "Starting date sequence logic. First day: 25. Initial Stage: PREV"}, {"t_ms": 116482.33, "level": "INFO", "message": "Processed 18 items belonging strictly to fevereiro 2026"}, {"t_ms": 116482.56, "level": "INFO", "message": "Navigating to next month..."}, {"t_ms": 118821.25, "level": "INFO", "message": "Extracting month 2/2 for merchant 00007136"}, {"t_ms": 118821.52, "level": "INFO", "message": "Extracting calendar data..."}, {"t_ms": 119656.76, "level": "INFO", "message": "Target Month: 3/2026 (mar\u00e7o 2026)"}, {"t_ms": 119766.87, "level": "INFO", "message": "Starting date sequence logic. First day: 22. Initial Stage: PREV"}, {"t_ms": 119767.2, "level": "INFO", "message": "Processed 22 items belonging strictly to mar\u00e7o 2026"}, {"t_ms": 119767.46, "level": "INFO", "message": "Navigating back to https://portal.portalmoozcartoes.com.br/selecionar-estabelecimento"}, {"t_ms": 122322.24, "level": "INFO", "message": "Processing Merchant ID: 00006238"}, {"t_ms": 122323.12, "level": "INFO", "message": "Selecting merchant 00006238..."}, {"t_ms": 122523.35, "level": "INFO", "message": "Button for 00006238 not visible. Opening merchant list..."}, {"t_ms": 122523.85, "level": "INFO", "message": "Opening merchant list..."}, {"t_ms": 128448.33, "level": "INFO", "message": "Navigating to https://portal.portalmoozcartoes.com.br/payments"}, {"t_ms": 130408.21, "level": "INFO", "message": "Extracting month 1/2 for merchant 00006238"}, {"t_ms": 130408.69, "level": "INFO", "message": "Extracting calendar data..."}, {"t_ms": 130845.81, "level": "INFO", "message": "Target Month: 2/2026 (fevereiro 2026)"}, {"t_ms": 130936.62, "level": "INFO", "message": "Starting date sequence logic. First day: 25. Initial Stage: PREV"}, {"t_ms": 130937.24, "level": "INFO", "message": "Processed 18 items belonging strictly to fevereiro 2026"}, {"t_ms": 130938.19, "level": "INFO", "message": "Navigating to next month..."}, {"t_ms": 132458.63, "level": "INFO", "message": "Extracting month 2/2 for merchant 00006238"}, {"t_ms": 132458.92, "level": "INFO", "message": "Extracting calendar data..."}, {"t_ms": 132715.66, "level": "INFO", "message": "Target Month: 3/2026 (mar\u00e7o 2026)"}, {"t_ms": 132780.41, "level": "INFO", "message": "Starting date sequence logic. First day: 22. Initial Stage: PREV"}, {"t_ms": 132780.79, "level": "INFO", "message": "Processed 22 items belonging strictly to mar\u00e7o 2026"}, {"t_ms": 132781.3, "level": "INFO", "message": "Navigating back to https://portal.portalmoozcartoes.com.br/selecionar-estabelecimento"}, {"t_ms": 134597.55, "level": "INFO", "message": "Processing Merchant ID: 00013981"}, {"t_ms": 134598.01, "level": "INFO", "message": "Selecting merchant 00013981..."}, {"t_ms": 134673.49, "level": "INFO", "message": "Button for 00013981 not visible. Opening merchant list..."}, {"t_ms": 134673.99, "level": "INFO", "message": "Opening merchant list..."}, {"t_ms": 138695.51, "level": "INFO", "message": "Navigating to https://portal.portalmoozcartoes.com.br/payments"}, {"t_ms": 140776.89, "level": "INFO", "message": "Extracting month 1/2 for merchant 00013981"}, {"t_ms": 140777.22, "level": "INFO", "message": "Extracting calendar data..."}, {"t_ms": 141189.32, "level": "INFO", "message": "Target Month: 2/2026 (fevereiro 2026)"}, {"t_ms": 141274.1, "level": "INFO", "message": "Starting date sequence logic. First day: 25. Initial Stage: PREV"}, {"t_ms": 141274.88, "level": "INFO", "message": "Processed 18 items belonging strictly to fevereiro 2026"}, {"t_ms": 141275.42, "level": "INFO", "message": "Navigating to next month..."}, {"t_ms": 142792.22, "level": "INFO", "message": "Extracting month 2/2 for merchant 00013981"}, {"t_ms": 142792.58, "level": "INFO", "message": "Extracting calendar data..."}, {"t_ms": 143045.99, "level": "INFO", "message": "Target Month: 3/2026 (mar\u00e7o 2026)"}, {"t_ms": 143102.9, "level": "INFO", "message": "Starting date sequence logic. First day: 22. Initial Stage: PREV"}, {"t_ms": 143103.85, "level": "INFO", "message": "Processed 22 items belonging strictly to mar\u00e7o 2026"}, {"t_ms": 143104.73, "level": "INFO", "message": "Navigating back to https://portal.portalmoozcartoes.com.br/selecionar-estabelecimento"}, {"t_ms": 145033.76, "level": "INFO", "message": "Processing Merchant ID: 00005253"}, {"t_ms": 145034.06, "level": "INFO", "message": "Selecting merchant 00005253..."}, {"t_ms": 145100.4, "level": "INFO", "message": "Button for 00005253 not visible. Opening merchant list..."}, {"t_ms": 145100.69, "level": "INFO", "message": "Opening merchant list..."}, {"t_ms": 149128.63, "level": "INFO", "message": "Navigating to https://portal.portalmoozcartoes.com.br/payments"}, {"t_ms": 151187.71, "level": "INFO", "message": "Extracting month 1/2 for merchant 00005253"}, {"t_ms": 151188.13, "level": "INFO", "message": "Extracting calendar data..."}, {"t_ms": 151593.65, "level": "INFO", "message": "Target Month: 2/2026 (fevereiro 2026)"}, {"t_ms": 151678.48, "level": "INFO", "message": "Starting date sequence logic. First day: 25. Initial Stage: PREV"}, {"t_ms": 151679.27, "level": "INFO", "message": "Processed 18 items belonging strictly to fevereiro 2026"}, {"t_ms": 151679.92, "level": "INFO", "message": "Navigating to next month..."}, {"t_ms": 153212.14, "level": "INFO", "message": "Extracting month 2/2 for merchant 00005253"}, {"t_ms": 153212.64, "level": "INFO", "message": "Extracting calendar data..."}, {"t_ms": 153461.96, "level": "INFO", "message": "Target Month: 3/2026 (mar\u00e7o 2026)"}, {"t_ms": 153513.98, "level": "INFO", "message": "Starting date sequence logic. First day: 22. Initial Stage: PREV"}, {"t_ms": 153514.65, "level": "INFO", "message": "Processed 22 items belonging strictly to mar\u00e7o 2026"}, {"t_ms": 153514.97, "level": "INFO", "message": "Navigating back to https://portal.portalmoozcartoes.com.br/selecionar-estabelecimento"}, {"t_ms": 155331.06, "level": "INFO", "message": "Processing Merchant ID: 00011815"}, {"t_ms": 155331.2, "level": "INFO", "message": "Selecting merchant 00011815..."}, {"t_ms": 155395.73, "level": "INFO", "message": "Button for 00011815 not visible. Opening merchant list..."}, {"t_ms": 155396.02, "level": "INFO", "message": "Opening merchant list..."}, {"t_ms": 159364.83, "level": "INFO", "message": "Navigating to https://portal.portalmoozcartoes.com.br/payments"}, {"t_ms": 161674.39, "level": "INFO", "message": "Extracting month 1/2 for merchant 00011815"}, {"t_ms": 161674.67, "level": "INFO", "message": "Extracting calendar data..."}, {"t_ms": 162050.65, "level": "INFO", "message": "Target Month: 2/2026 (fevereiro 2026)"}, {"t_ms": 162137.22, "level": "INFO", "message": "Starting date sequence logic. First day: 25. Initial Stage: PREV"}, {"t_ms": 162137.52, "level": "INFO", "message": "Processed 18 items belonging strictly to fevereiro 2026"}, {"t_ms": 162137.8, "level": "INFO", "message": "Navigating to next month..."}, {"t_ms": 163635.17, "level": "INFO", "message": "Extracting month 2/2 for merchant 00011815"}, {"t_ms": 163635.41, "level": "INFO", "message": "Extracting calendar data..."}, {"t_ms": 163897.78, "level": "ERROR", "message": "Failed to parse calendar header: Invalid header format: "}, {"t_ms": 163898.22, "level": "INFO", "message": "Navigating back to https://portal.portalmoozcartoes.com.br/selecionar-estabelecimento"}, {"t_ms": 166937.04, "level": "INFO", "message": "Processing Merchant ID: 00023107"}, {"t_ms": 166937.22, "level": "INFO", "message": "Selecting merchant 00023107..."}, {"t_ms": 167000.12, "level": "INFO", "message": "Button for 00023107 not visible. Opening merchant list..."}, {"t_ms": 167000.56, "level": "INFO", "message": "Opening merchant list..."}, {"t_ms": 170940.7, "level": "INFO", "message": "Navigating to https://portal.portalmoozcartoes.com.br/payments"}, {"t_ms": 172818.39, "level": "INFO", "message": "Extracting month 1/2 for merchant 00023107"}, {"t_ms": 172819.41, "level": "INFO", "message": "Extracting calendar data..."}, {"t_ms": 173285.36, "level": "INFO", "message": "Target Month: 2/2026 (fevereiro 2026)"}, {"t_ms": 173371.08, "level": "INFO", "message": "Starting date sequence logic. First day: 25. Initial Stage: PREV"}, {"t_ms": 173371.54, "level": "INFO", "message": "Processed 18 items belonging strictly to fevereiro 2026"}, {"t_ms": 173371.79, "level": "INFO", "message": "Navigating to next month..."}, {"t_ms": 174873.35, "level": "INFO", "message": "Extracting month 2/2 for merchant 00023107"}, {"t_ms": 174873.53, "level": "INFO", "message": "Extracting calendar data..."}, {"t_ms": 175127.57, "level": "INFO", "message": "Target Month: 3/2026 (mar\u00e7o 2026)"}, {"t_ms": 175175.81, "level": "INFO", "message": "Starting date sequence logic. First day: 22. Initial Stage: PREV"}, {"t_ms": 175176.24, "level": "INFO", "message": "Processed 22 items belonging strictly to mar\u00e7o 2026"}, {"t_ms": 175176.56, "level": "INFO", "message": "Navigating back to https://portal.portalmoozcartoes.com.br/selecionar-estabelecimento"}, {"t_ms": 176970.58, "level": "INFO", "message": "Saved data to mooz/mooz.json (overwritten)"}, {"t_ms": 176970.72, "level": "INFO", "message": "Closing browser..."}], "context": {}, "outcome": "success", "duration_ms": 177051.16}
