2026-03-25 15:16:59,972 [INFO] __main__: Iniciando processo de renovação de autenticação...
2026-03-25 15:16:59,973 [INFO] workflow.components.navegador: Iniciando browser via Browserless (stealth=ON, headless=OFF)...
2026-03-25 15:17:01,720 [INFO] workflow.components.navegador: Usando contexto default do Browserless (stealth preservado).
2026-03-25 15:17:01,721 [INFO] workflow.components.navegador: Carregando cookies de: C:\Users\dados\rhfariasn\auto_kestra\flow_envio_resultados_vd\workflow\components\..\..\state.json
2026-03-25 15:17:01,782 [INFO] workflow.components.navegador: 75 cookies carregados no contexto.
2026-03-25 15:17:01,783 [INFO] workflow.components.navegador: Carregando 3 itens de localStorage para https://sgi.e-boticario.com.br
2026-03-25 15:17:01,783 [INFO] workflow.pages.base_page: Navegando para: https://sgi.e-boticario.com.br/Paginas/Acesso/Entrar.aspx?ReturnUrl=%2f
2026-03-25 15:17:02,245 [INFO] __main__: Aguardando redirecionamentos automáticos...
2026-03-25 15:17:07,435 [INFO] __main__: URL atual: https://sgi.e-boticario.com.br/paginas/acesso/entrar.aspx?returnurl=%2fdefault.aspx
2026-03-25 15:17:07,436 [INFO] __main__: Título atual: VD+ | O Boticário
2026-03-25 15:17:07,437 [INFO] __main__: URL ainda é de login. Verificando se botão de login está visível...
2026-03-25 15:17:07,727 [INFO] __main__: Sessão expirada. Realizando novo login...
2026-03-25 15:17:07,728 [INFO] workflow.pages.loja.login_page: Tentando clicar em 'Login Externo' (#btnLoginExterno)...
2026-03-25 15:17:13,570 [INFO] workflow.pages.loja.login_page: Redirecionamento automatico detectado apos primeiro clique (URL: https://sgi.e-boticario.com.br/paginas/inicializacao/aguardaracao.aspx).
2026-03-25 15:17:13,571 [INFO] __main__: Login externo acionado. Aguardando possíveis redirecionamentos (SSO)...
2026-03-25 15:17:18,584 [INFO] __main__: URL atual: https://sgi.e-boticario.com.br/paginas/inicializacao/aguardaracao.aspx
2026-03-25 15:17:18,585 [INFO] __main__: É Google: False, É login SGI: False, É AguardarAcao: True, É Dashboard SGI: True
2026-03-25 15:17:18,586 [INFO] __main__: Redirecionamento para SGI detectado. Login já realizado via SSO!
2026-03-25 15:17:18,586 [INFO] __main__: Detectado página AguardarAcao. Aguardando redirecionamento final para garantir cookie válido...
2026-03-25 15:17:18,987 [INFO] __main__: Dashboard carregado! Sessão renovada com sucesso.
2026-03-25 15:17:18,987 [INFO] __main__: Finalizando processo de renovação...
2026-03-25 15:17:18,988 [INFO] __main__: Login considerado SUCESSO. Salvando estado da sessão (cookies/storage)...
2026-03-25 15:17:19,556 [INFO] workflow.components.navegador: Estado da sessao salvo em: C:\Users\dados\rhfariasn\auto_kestra\flow_envio_resultados_vd\workflow\components\..\..\state.json
2026-03-25 15:17:19,557 [INFO] __main__: Estado salvo com sucesso em state.json
2026-03-25 15:17:19,633 [INFO] workflow.components.navegador: Browser encerrado com sucesso.
