Log file: C:\Users\dados\rhfariasn\auto_kestra\flow_rh\scrape_solides\log\scrapeSolides_2026-03-12_08-10-37.log

============================================================
🔄 SCRAPE SOLIDES - Extração de Banco de Horas
============================================================

============================================================
📋 FILIAIS DISPONÍVEIS
============================================================
  → [0] Todas
    [1] Caaporã Perfumes Ltda - ME
    [2] Edalice Perfumes Ltda - ME
    [3] Edgar e Alice Perfumes Ltda - EPP
    [4] ESGN Perfumes Ltda - ME
    [5] Goianinha Perfumes Ltda - ME
    [6] Lua Branca Perfumes Ltda - ME
    [7] Maracatu Perfumes Ltda - EPP
    [8] Matriz
    [9] Millenium Perfumes Ltda - EPP
    [10] Pirauá Perfmues Ltda - ME
    [11] Sobralana Perfumes Ltda - EPP
    [12] Tejucupapo Perfumes Ltda - ME
    [13] Timbauba Perfumes Ltda
============================================================

🏢 Digite o número da filial desejada (ou Enter para 'Todas'): 